00:54:50:332  INFO 18816 --- [http-nio-8083-exec-1] o.a.c.c.C.[Tomcat].[localhost].[/]       : Initializing Spring DispatcherServlet 'dispatcherServlet'
00:54:50:334  INFO 18816 --- [http-nio-8083-exec-1] o.s.web.servlet.DispatcherServlet        : Initializing Servlet 'dispatcherServlet'
00:54:50:336  INFO 18816 --- [http-nio-8083-exec-1] o.s.web.servlet.DispatcherServlet        : Completed initialization in 1 ms
00:54:50:426  INFO 18816 --- [http-nio-8083-exec-1] com.zaxxer.hikari.HikariDataSource       : HikariPool-1 - Starting...
00:54:50:495  INFO 18816 --- [http-nio-8083-exec-1] com.zaxxer.hikari.HikariDataSource       : HikariPool-1 - Start completed.
00:54:50:499 DEBUG 18816 --- [http-nio-8083-exec-1] c.h.user.mapper.UserMapper.selectOne     : ==>  Preparing: SELECT id,username,password,phone,create_time,update_time,status,balance FROM user WHERE (username = ?)
00:54:50:509 DEBUG 18816 --- [http-nio-8083-exec-1] c.h.user.mapper.UserMapper.selectOne     : ==> Parameters: jack(String)
00:54:50:523 DEBUG 18816 --- [http-nio-8083-exec-1] c.h.user.mapper.UserMapper.selectOne     : <==      Total: 1
02:29:13:286  WARN 18816 --- [Thread-7] c.a.n.common.http.HttpClientBeanHolder   : [HttpClientBeanHolder] Start destroying common HttpClient
02:29:13:287  WARN 18816 --- [Thread-4] c.a.nacos.common.notify.NotifyCenter     : [NotifyCenter] Start destroying Publisher
02:29:13:287  WARN 18816 --- [Thread-4] c.a.nacos.common.notify.NotifyCenter     : [NotifyCenter] Destruction of the end
02:29:13:288  WARN 18816 --- [Thread-7] c.a.n.common.http.HttpClientBeanHolder   : [HttpClientBeanHolder] Destruction of the end
02:29:13:471  INFO 18816 --- [SpringApplicationShutdownHook] c.a.c.n.registry.NacosServiceRegistry    : De-registering from Nacos Server now...
02:29:13:473  INFO 18816 --- [SpringApplicationShutdownHook] c.a.c.n.registry.NacosServiceRegistry    : De-registration finished.
02:29:13:803  INFO 18816 --- [SpringApplicationShutdownHook] com.alibaba.nacos.common.remote.client   : Shutdown rpc client, set status to shutdown
02:29:13:803  INFO 18816 --- [SpringApplicationShutdownHook] com.alibaba.nacos.common.remote.client   : Shutdown client event executor java.util.concurrent.ScheduledThreadPoolExecutor@2bc4965f[Running, pool size = 2, active threads = 2, queued tasks = 0, completed tasks = 0]
02:29:13:803  INFO 18816 --- [SpringApplicationShutdownHook] com.alibaba.nacos.common.remote.client   : Close current connection 1765640205091_172.18.0.1_40247
02:29:13:805  INFO 18816 --- [nacos-grpc-client-executor-2091] c.a.n.c.remote.client.grpc.GrpcClient    : [1765640205091_172.18.0.1_40247]Ignore complete event,isRunning:false,isAbandon=false
02:29:13:808  INFO 18816 --- [SpringApplicationShutdownHook] c.a.n.c.remote.client.grpc.GrpcClient    : Shutdown grpc executor java.util.concurrent.ThreadPoolExecutor@4fef4d06[Running, pool size = 5, active threads = 0, queued tasks = 0, completed tasks = 2092]
02:29:13:813  INFO 18816 --- [SpringApplicationShutdownHook] com.zaxxer.hikari.HikariDataSource       : HikariPool-1 - Shutdown initiated...
02:29:13:819  INFO 18816 --- [SpringApplicationShutdownHook] com.zaxxer.hikari.HikariDataSource       : HikariPool-1 - Shutdown completed.
